

Starting test at 16:52:05 - 10/07/2023
epochs for each training : 100, at 16:52:05 - 10/07/2023

Starting test at 16:52:28 - 10/07/2023
epochs for each training : 100, at 16:52:28 - 10/07/2023

Starting test at 16:52:51 - 10/07/2023
epochs for each training : 100, at 16:52:51 - 10/07/2023

Starting test at 16:53:41 - 10/07/2023
epochs for each training : 100, at 16:53:41 - 10/07/2023

Starting test at 16:58:14 - 10/07/2023
epochs for each training : 100, at 16:58:14 - 10/07/2023

Starting test at 16:58:27 - 10/07/2023
epochs for each training : 100, at 16:58:27 - 10/07/2023
end with: momentum 0.0, learning_rate 0.0001, neurons 10, accuracy: 0.49834, at 16:58:46 - 10/07/2023

Starting test at 16:59:24 - 10/07/2023
epochs for each training : 100, at 16:59:24 - 10/07/2023
end with: momentum 0.0, learning_rate 0.01, neurons 10, accuracy: 9e-05, at 16:59:43 - 10/07/2023

Starting test at 17:00:08 - 10/07/2023
epochs for each training : 100, at 17:00:08 - 10/07/2023
end with: momentum 0.0, learning_rate 1e-05, neurons 10, accuracy: 0.21755, at 17:00:34 - 10/07/2023

Starting test at 17:01:09 - 10/07/2023
epochs for each training : 300, at 17:01:09 - 10/07/2023
end with: momentum 0.0, learning_rate 1e-05, neurons 10, accuracy: 0.25626, at 17:02:07 - 10/07/2023

Starting test at 17:03:16 - 10/07/2023
epochs for each training : 100, at 17:03:16 - 10/07/2023
end with: momentum 0.0, learning_rate 1e-05, neurons 10, accuracy: 0.17906, at 17:03:37 - 10/07/2023

Starting test at 17:07:32 - 10/07/2023
epochs for each training : 100, at 17:07:32 - 10/07/2023
end with: momentum 0.0, learning_rate 1e-05, neurons 10, accuracy: 0.2683, at 17:07:51 - 10/07/2023

Starting test at 17:09:01 - 10/07/2023
epochs for each training : 100, at 17:09:01 - 10/07/2023
end with: momentum 0.0, learning_rate 0.0001, neurons 10, accuracy: 0.20026, at 17:09:22 - 10/07/2023

Starting test at 17:11:59 - 10/07/2023
epochs for each training : 100, at 17:11:59 - 10/07/2023
end with: momentum 0.0, learning_rate 0.1, neurons 10, accuracy: 0.73944, at 17:12:27 - 10/07/2023

Starting test at 17:12:39 - 10/07/2023
epochs for each training : 100, at 17:12:39 - 10/07/2023
end with: momentum 0.0, learning_rate 0.1, neurons 10, accuracy: 0.21485, at 17:13:01 - 10/07/2023

Starting test at 17:21:28 - 10/07/2023
epochs for each training : 100, at 17:21:28 - 10/07/2023
end with: momentum 0.0, learning_rate 0.001, neurons 10, accuracy: 0.9, at 17:21:51 - 10/07/2023

Starting test at 17:40:02 - 10/07/2023
epochs for each training : 100, at 17:40:02 - 10/07/2023
end with: momentum 0.0, learning_rate 0.001, neurons 10, accuracy: 0.9, at 17:40:25 - 10/07/2023